Aurealis SF Award				Undone	Lifel1k3 by Jay Kristoff
Aurealis Fantasy Award			Undone	Godsgrave by Jay Kristoff
Aurealis Horror Award			Undone	
Locus YA Award					Undone	Leviathan by Scott Westerfeld
Shirley Jackson Award			Undone	
David Gemmell Legend Award		Undone	
David Gemmell Morningstar Award	Undone	Kings of the Wyld by Nicholas Eames
Golden Tentacle Award			Undone	God's War by Kameron Hurley
Robert Holdstock Award			Undone	The Tiger and the Wolf by Adrian Tchaikovsky
Locus Horror Award				Undone	The Fireman by Joe Hill

Arthur C. Clarke Award			Done	Rosewater
James Tiptree, Jr. Award		Done	The Drowning Girl
Hugo Award						Done	Conjure Wife
Nebula Award					Done	Rite of passage
BSFA Award						Done	The Sparrow
Mythopoeic Award				Done	The Golem and the Jinni
Locus SF Award					Done	The Calculating Stars
August Derleth Award			Done	The Shining Girls
Campbell Award					Done	Blackfish City
World Fantasy Award				Done	Tooth and Claw
Locus Fantasy Award				Done	The Stone Sky
Prometheus Award				Done	Little Brother
Locus First Novel Award			Done	Trail of Lightning
Aurora Award					Done	Tigana
Philip K. Dick Award			Done	The Time Ships
Bram Stoker Award				Done	Misery
Andre Norton Award				Done	The Girl Who Circumnavigated Fairyland in a Ship of Her Own Making
Red Tentacle Award				Done	Circe
